<?xml version="1.0" encoding="UTF-8"?>
<testsuite xmlns:xsi="http://www.w3.org/2001/XMLSchema-instance" xsi:noNamespaceSchemaLocation="https://maven.apache.org/surefire/maven-surefire-plugin/xsd/surefire-test-report.xsd" name="TestSuite" time="30.362" tests="2" errors="0" skipped="0" failures="0">
  <properties>
[...]
</properties>
  <testcase name="login" classname="BrowserMobPOC.BrowserMobPOC.pages.FareyeLogin" time="14.897"/>
  <testcase name="search" classname="BrowserMobPOC.BrowserMobPOC.pages.GoogleSearch" time="8.734"/>
</testsuite>