<?xml version="1.0" encoding="UTF-8"?>
<testng-results skipped="0" failed="0" ignored="0" total="2" passed="2">
  <reporter-output>
  </reporter-output>
  <suite name="BrowserMobPOCSuite" duration-ms="27938" started-at="2020-12-16T16:57:40 IST" finished-at="2020-12-16T16:58:08 IST">
    <groups>
    </groups>
    <test name="FarEye Login" duration-ms="18056" started-at="2020-12-16T16:57:40 IST" finished-at="2020-12-16T16:57:58 IST">
      <class name="BrowserMobPOC.BrowserMobPOC.pages.FareyeLogin">
        <test-method status="PASS" signature="setUp()[pri:0, instance:BrowserMobPOC.BrowserMobPOC.pages.FareyeLogin@458c1321]" name="setUp" is-config="true" duration-ms="1324" started-at="2020-12-16T16:57:40 IST" finished-at="2020-12-16T16:57:42 IST">
          <reporter-output>
          </reporter-output>
        </test-method> <!-- setUp -->
        <test-method status="PASS" signature="login()[pri:0, instance:BrowserMobPOC.BrowserMobPOC.pages.FareyeLogin@458c1321]" name="login" duration-ms="13911" started-at="2020-12-16T16:57:42 IST" finished-at="2020-12-16T16:57:56 IST">
          <reporter-output>
          </reporter-output>
        </test-method> <!-- login -->
        <test-method status="PASS" signature="tearDown()[pri:0, instance:BrowserMobPOC.BrowserMobPOC.pages.FareyeLogin@458c1321]" name="tearDown" is-config="true" duration-ms="2789" started-at="2020-12-16T16:57:56 IST" finished-at="2020-12-16T16:57:58 IST">
          <reporter-output>
          </reporter-output>
        </test-method> <!-- tearDown -->
      </class> <!-- BrowserMobPOC.BrowserMobPOC.pages.FareyeLogin -->
    </test> <!-- FarEye Login -->
    <test name="Google Search" duration-ms="9873" started-at="2020-12-16T16:57:58 IST" finished-at="2020-12-16T16:58:08 IST">
      <class name="BrowserMobPOC.BrowserMobPOC.pages.GoogleSearch">
        <test-method status="PASS" signature="setUp()[pri:0, instance:BrowserMobPOC.BrowserMobPOC.pages.GoogleSearch@3234e239]" name="setUp" is-config="true" duration-ms="274" started-at="2020-12-16T16:57:58 IST" finished-at="2020-12-16T16:57:59 IST">
          <reporter-output>
          </reporter-output>
        </test-method> <!-- setUp -->
        <test-method status="PASS" signature="search()[pri:0, instance:BrowserMobPOC.BrowserMobPOC.pages.GoogleSearch@3234e239]" name="search" duration-ms="7252" started-at="2020-12-16T16:57:59 IST" finished-at="2020-12-16T16:58:06 IST">
          <reporter-output>
          </reporter-output>
        </test-method> <!-- search -->
        <test-method status="PASS" signature="tearDown()[pri:0, instance:BrowserMobPOC.BrowserMobPOC.pages.GoogleSearch@3234e239]" name="tearDown" is-config="true" duration-ms="2342" started-at="2020-12-16T16:58:06 IST" finished-at="2020-12-16T16:58:08 IST">
          <reporter-output>
          </reporter-output>
        </test-method> <!-- tearDown -->
      </class> <!-- BrowserMobPOC.BrowserMobPOC.pages.GoogleSearch -->
    </test> <!-- Google Search -->
  </suite> <!-- BrowserMobPOCSuite -->
</testng-results>
